<?xml version="1.0" encoding="UTF-8"?>
<!-- Generated by org.testng.reporters.JUnitReportReporter -->
<testsuite hostname="DESKTOP-GPE5M25" failures="0" tests="4" name="api.test.UserTests" time="18.957" errors="0" timestamp="2024-04-28T13:20:28 IST" skipped="0">
  <testcase classname="api.test.UserTests" name="testPostUser" time="5.603"/>
  <testcase classname="api.test.UserTests" name="testGetUserByName" time="2.427"/>
  <testcase classname="api.test.UserTests" name="testUpdateUser" time="9.187"/>
  <testcase classname="api.test.UserTests" name="testDeleteUserByName" time="1.740"/>
</testsuite> <!-- api.test.UserTests -->
