<?xml version="1.0" encoding="UTF-8"?>
<!-- Generated by org.testng.reporters.JUnitReportReporter -->
<testsuite hostname="DESKTOP-GPE5M25" failures="0" tests="6" name="api.test.DDTests" time="11.034" errors="0" timestamp="2024-04-25T06:26:40 IST" skipped="0">
  <testcase classname="api.test.DDTests" name="testPostUser" time="1.503"/>
  <testcase classname="api.test.DDTests" name="testPostUser" time="3.547"/>
  <testcase classname="api.test.DDTests" name="testPostUser" time="1.493"/>
  <testcase classname="api.test.DDTests" name="testDeleteUserByName" time="1.508"/>
  <testcase classname="api.test.DDTests" name="testDeleteUserByName" time="1.502"/>
  <testcase classname="api.test.DDTests" name="testDeleteUserByName" time="1.481"/>
</testsuite> <!-- api.test.DDTests -->
