<?xml version="1.0" encoding="UTF-8"?>
<!-- Generated by org.testng.reporters.JUnitReportReporter -->
<testsuite hostname="DESKTOP-GPE5M25" failures="0" tests="6" name="api.test.DataDrivenTests" time="19.456" errors="0" timestamp="2024-04-28T13:20:28 IST" skipped="0">
  <testcase classname="api.test.DataDrivenTests" name="testPostUser" time="4.458"/>
  <testcase classname="api.test.DataDrivenTests" name="testPostUser" time="2.168"/>
  <testcase classname="api.test.DataDrivenTests" name="testPostUser" time="3.520"/>
  <testcase classname="api.test.DataDrivenTests" name="testDeleteUserByName" time="1.540"/>
  <testcase classname="api.test.DataDrivenTests" name="testDeleteUserByName" time="3.767"/>
  <testcase classname="api.test.DataDrivenTests" name="testDeleteUserByName" time="4.003"/>
</testsuite> <!-- api.test.DataDrivenTests -->
